<?xml version="1.0" encoding="UTF-8"?>
<testng-results ignored="0" total="2" passed="2" failed="0" skipped="0">
  <reporter-output>
  </reporter-output>
  <suite started-at="2023-05-12T10:31:33 GMT-07:00" name="Default suite" finished-at="2023-05-12T10:31:45 GMT-07:00" duration-ms="12260">
    <groups>
    </groups>
    <test started-at="2023-05-12T10:31:33 GMT-07:00" name="Default test" finished-at="2023-05-12T10:31:45 GMT-07:00" duration-ms="12260">
      <class name="seleniumjava.GetPageSourceDemo">
        <test-method is-config="true" signature="launchBrowser()[pri:0, instance:seleniumjava.GetPageSourceDemo@3e08ff24]" started-at="2023-05-12T10:31:33 GMT-07:00" name="launchBrowser" finished-at="2023-05-12T10:31:44 GMT-07:00" duration-ms="10314" status="PASS">
          <reporter-output>
          </reporter-output>
        </test-method> <!-- launchBrowser -->
        <test-method signature="openApp()[pri:0, instance:seleniumjava.GetPageSourceDemo@3e08ff24]" started-at="2023-05-12T10:31:44 GMT-07:00" name="openApp" finished-at="2023-05-12T10:31:45 GMT-07:00" duration-ms="1785" status="PASS">
          <reporter-output>
          </reporter-output>
        </test-method> <!-- openApp -->
        <test-method signature="getPageSource()[pri:1, instance:seleniumjava.GetPageSourceDemo@3e08ff24]" started-at="2023-05-12T10:31:45 GMT-07:00" name="getPageSource" finished-at="2023-05-12T10:31:45 GMT-07:00" duration-ms="90" status="PASS">
          <reporter-output>
          </reporter-output>
        </test-method> <!-- getPageSource -->
      </class> <!-- seleniumjava.GetPageSourceDemo -->
    </test> <!-- Default test -->
  </suite> <!-- Default suite -->
</testng-results>
