<?xml version="1.0" encoding="UTF-8"?>
<!-- Generated by org.testng.reporters.JUnitXMLReporter -->
<testsuite ignored="0" hostname="DESKTOP-SR3L3PC" failures="0" tests="4" name="FirstTest" time="0.106" errors="0" timestamp="2023-04-23T04:43:57 GMT-07:00">
  <testcase classname="testng.xml.class1" name="test1" time="0.01"/>
  <testcase classname="testng.xml.class1" name="test2" time="0.006"/>
  <testcase classname="testng.xml.class2" name="test1" time="0.001"/>
  <testcase classname="testng.xml.class2" name="test2" time="0.001"/>
</testsuite> <!-- FirstTest -->
